<?xml version="1.0" encoding="UTF-8"?>
<testsuite xmlns:xsi="http://www.w3.org/2001/XMLSchema-instance" xsi:noNamespaceSchemaLocation="https://maven.apache.org/surefire/maven-surefire-plugin/xsd/surefire-test-report.xsd" name="com.vicent.demo.ProductTest" time="6.296" tests="7" errors="0" skipped="0" failures="0">
  <properties>
[...]
</properties>
  <testcase name="testReplaceProduct" classname="com.vicent.demo.ProductTest" time="1.007"/>
  <testcase name="testCreateProduct" classname="com.vicent.demo.ProductTest" time="0.024"/>
  <testcase name="testGetProduct" classname="com.vicent.demo.ProductTest" time="0.014"/>
  <testcase name="testSearchProductsSortByPriceAsc" classname="com.vicent.demo.ProductTest" time="0.127"/>
  <testcase name="testDeleteProduct" classname="com.vicent.demo.ProductTest" time="0.028"/>
  <testcase name="get400WhenReplaceProductWithNegativePrice" classname="com.vicent.demo.ProductTest" time="0.022"/>
  <testcase name="get400WhenCreateProductWithEmptyName" classname="com.vicent.demo.ProductTest" time="0.01"/>
</testsuite>